<?xml version="1.0" encoding="UTF-8"?>
<testsuite name="com.sparta.msa_exam.demo.DemoApplicationTests" tests="1" skipped="0" failures="0" errors="0" timestamp="2024-08-06T03:04:30" hostname="DESKTOP-07DQ7FP" time="1.659">
  <properties/>
  <testcase name="contextLoads()" classname="com.sparta.msa_exam.demo.DemoApplicationTests" time="1.659"/>
  <system-out><![CDATA[12:04:22.615 [Test worker] INFO org.springframework.test.context.support.AnnotationConfigContextLoaderUtils -- Could not detect default configuration classes for test class [com.sparta.msa_exam.demo.DemoApplicationTests]: DemoApplicationTests does not declare any static, non-private, non-final, nested classes annotated with @Configuration.
12:04:22.818 [Test worker] INFO org.springframework.boot.test.context.SpringBootTestContextBootstrapper -- Found @SpringBootConfiguration com.sparta.msa_exam.demo.DemoApplication for test class com.sparta.msa_exam.demo.DemoApplicationTests

  .   ____          _            __ _ _
 /\\ / ___'_ __ _ _(_)_ __  __ _ \ \ \ \
( ( )\___ | '_ | '_| | '_ \/ _` | \ \ \ \
 \\/  ___)| |_)| | | | | || (_| |  ) ) ) )
  '  |____| .__|_| |_|_| |_\__, | / / / /
 =========|_|==============|___/=/_/_/_/

 :: Spring Boot ::                (v3.3.2)

2024-08-06T12:04:23.662+09:00  INFO 3660 --- [demo] [    Test worker] c.s.msa_exam.demo.DemoApplicationTests   : Starting DemoApplicationTests using Java 17.0.10 with PID 3660 (started by owner in C:\Users\demo (1)\com.sparta.msa_exam.demo)
2024-08-06T12:04:23.664+09:00  INFO 3660 --- [demo] [    Test worker] c.s.msa_exam.demo.DemoApplicationTests   : No active profile set, falling back to 1 default profile: "default"
2024-08-06T12:04:25.963+09:00  INFO 3660 --- [demo] [    Test worker] o.s.cloud.context.scope.GenericScope     : BeanFactory id=92a7f4fc-5549-3a4d-9740-995e9e8aee12
2024-08-06T12:04:26.124+09:00  WARN 3660 --- [demo] [    Test worker] trationDelegate$BeanPostProcessorChecker : Bean 'org.springframework.cloud.client.loadbalancer.LoadBalancerAutoConfiguration$DeferringLoadBalancerInterceptorConfig' of type [org.springframework.cloud.client.loadbalancer.LoadBalancerAutoConfiguration$DeferringLoadBalancerInterceptorConfig] is not eligible for getting processed by all BeanPostProcessors (for example: not eligible for auto-proxying). The currently created BeanPostProcessor [lbRestClientPostProcessor] is declared through a non-static factory method on that class; consider declaring it as static instead.
2024-08-06T12:04:26.134+09:00  WARN 3660 --- [demo] [    Test worker] trationDelegate$BeanPostProcessorChecker : Bean 'deferringLoadBalancerInterceptor' of type [org.springframework.cloud.client.loadbalancer.DeferringLoadBalancerInterceptor] is not eligible for getting processed by all BeanPostProcessors (for example: not eligible for auto-proxying). Is this bean getting eagerly injected into a currently created BeanPostProcessor [lbRestClientPostProcessor]? Check the corresponding BeanPostProcessor declaration and its dependencies.
2024-08-06T12:04:28.525+09:00  WARN 3660 --- [demo] [    Test worker] iguration$LoadBalancerCaffeineWarnLogger : Spring Cloud LoadBalancer is currently working with the default cache. While this cache implementation is useful for development and tests, it's recommended to use Caffeine cache in production.You can switch to using Caffeine cache, by adding it and org.springframework.cache.caffeine.CaffeineCacheManager to the classpath.
2024-08-06T12:04:29.025+09:00  INFO 3660 --- [demo] [    Test worker] o.s.c.n.eureka.InstanceInfoFactory       : Setting initial instance status as: STARTING
2024-08-06T12:04:29.168+09:00  INFO 3660 --- [demo] [    Test worker] com.netflix.discovery.DiscoveryClient    : Initializing Eureka in region us-east-1
2024-08-06T12:04:29.172+09:00  INFO 3660 --- [demo] [    Test worker] com.netflix.discovery.DiscoveryClient    : Client configured to neither register nor query for data.
2024-08-06T12:04:29.177+09:00  INFO 3660 --- [demo] [    Test worker] com.netflix.discovery.DiscoveryClient    : Discovery Client initialized at timestamp 1722913469174 with initial instances count: 0
2024-08-06T12:04:29.413+09:00  INFO 3660 --- [demo] [    Test worker] c.n.eureka.DefaultEurekaServerContext    : Initializing ...
2024-08-06T12:04:29.423+09:00  WARN 3660 --- [demo] [    Test worker] c.n.eureka.cluster.PeerEurekaNodes       : The replica size seems to be empty. Check the route 53 DNS Registry
2024-08-06T12:04:29.449+09:00  INFO 3660 --- [demo] [    Test worker] c.n.e.registry.AbstractInstanceRegistry  : Finished initializing remote region registries. All known remote regions: []
2024-08-06T12:04:29.449+09:00  INFO 3660 --- [demo] [    Test worker] c.n.eureka.DefaultEurekaServerContext    : Initialized
2024-08-06T12:04:30.312+09:00  INFO 3660 --- [demo] [    Test worker] o.s.b.a.e.web.EndpointLinksResolver      : Exposing 1 endpoint beneath base path '/actuator'
2024-08-06T12:04:30.488+09:00  INFO 3660 --- [demo] [    Test worker] o.s.c.n.e.s.EurekaServiceRegistry        : Registering application DEMO with eureka with status UP
2024-08-06T12:04:30.601+09:00  INFO 3660 --- [demo] [    Test worker] c.s.msa_exam.demo.DemoApplicationTests   : Started DemoApplicationTests in 7.397 seconds (process running for 10.361)
2024-08-06T12:04:30.785+09:00  INFO 3660 --- [demo] [      Thread-12] o.s.c.n.e.server.EurekaServerBootstrap   : isAws returned false
2024-08-06T12:04:30.786+09:00  INFO 3660 --- [demo] [      Thread-12] o.s.c.n.e.server.EurekaServerBootstrap   : Initialized server context
2024-08-06T12:04:30.786+09:00  INFO 3660 --- [demo] [      Thread-12] c.n.e.r.PeerAwareInstanceRegistryImpl    : Got 1 instances from neighboring DS node
2024-08-06T12:04:30.787+09:00  INFO 3660 --- [demo] [      Thread-12] c.n.e.r.PeerAwareInstanceRegistryImpl    : Renew threshold is: 1
2024-08-06T12:04:30.787+09:00  INFO 3660 --- [demo] [      Thread-12] c.n.e.r.PeerAwareInstanceRegistryImpl    : Changing status to UP
2024-08-06T12:04:30.792+09:00  INFO 3660 --- [demo] [      Thread-12] e.s.EurekaServerInitializerConfiguration : Started Eureka Server
]]></system-out>
  <system-err><![CDATA[]]></system-err>
</testsuite>
